Java HotSpot(TM) 64-Bit Server VM warning: ignoring option MaxPermSize=1024m; support was removed in 8.0
Apache Ant(TM) version 1.10.9 compiled on October 27 2020
Buildfile: /scratch/jenkins/workspace/CGBUUIM_7.8.0_GENERIC/src/build_cartridges.xml
Detected Java version: 1.8 in: /net/cagbu-cagbuops-mnt1.snphxprshared1.gbucdsint02phx.oraclevcn.com/cagbubuildtools/contrib/Linux/x86_64/packages/java-jdk/jdk1.8.0_331/jre
Detected OS: Linux
parsing buildfile /scratch/jenkins/workspace/CGBUUIM_7.8.0_GENERIC/src/build_cartridges.xml with URI = file:/scratch/jenkins/workspace/CGBUUIM_7.8.0_GENERIC/src/build_cartridges.xml
Project base dir set to: /scratch/jenkins/workspace/CGBUUIM_7.8.0_GENERIC/src
parsing buildfile jar:file:/tools/CGBU/contrib/Linux/x86/packages/apache-ant-1.10.9/lib/ant.jar!/org/apache/tools/ant/antlib.xml with URI = jar:file:/tools/CGBU/contrib/Linux/x86/packages/apache-ant-1.10.9/lib/ant.jar!/org/apache/tools/ant/antlib.xml from a zip file
Importing file /scratch/jenkins/workspace/CGBUUIM_7.8.0_GENERIC/src/build_environment.xml from /scratch/jenkins/workspace/CGBUUIM_7.8.0_GENERIC/src/build_cartridges.xml
Overriding previous definition of reference to ant.projectHelper
parsing buildfile /scratch/jenkins/workspace/CGBUUIM_7.8.0_GENERIC/src/build_environment.xml with URI = file:/scratch/jenkins/workspace/CGBUUIM_7.8.0_GENERIC/src/build_environment.xml
 [property] Loading Environment env.
 [property] Loading /scratch/jenkins/workspace/CGBUUIM_7.8.0_GENERIC/src/cagbulb003.properties
Override ignored for property "cartridgeType"
 [macrodef] creating macro  checkVariable
 [macrodef] creating macro  checkPath
Overriding previous definition of reference to ant.projectHelper
Importing file /scratch/jenkins/workspace/CGBUUIM_7.8.0_GENERIC/src/cartridges/ora_uim_mds/build.xml from /scratch/jenkins/workspace/CGBUUIM_7.8.0_GENERIC/src/build_cartridges.xml
Overriding previous definition of reference to ant.projectHelper
parsing buildfile /scratch/jenkins/workspace/CGBUUIM_7.8.0_GENERIC/src/cartridges/ora_uim_mds/build.xml with URI = file:/scratch/jenkins/workspace/CGBUUIM_7.8.0_GENERIC/src/cartridges/ora_uim_mds/build.xml
Already defined in main or a previous import, ignore sealCartridge
Already defined in main or a previous import, ignore packageCartridge
 [property] Loading Environment env.
Override ignored for property "env.H_UBP_USER"
Override ignored for property "env.diffAgainstLastLabel"
Override ignored for property "env.COMMSBUILD_OUI_HOME"
Override ignored for property "env.EXECUTOR_NUMBER"
Override ignored for property "env.ADE_AUTO_MAP"
Override ignored for property "env.INTG_AUTO_PUSH_TO_SITES_P"
Override ignored for property "env.platforms"
Override ignored for property "env.CBI_svnTLD"
Override ignored for property "env.platformLogToDisplayToHudsonConsole"
Override ignored for property "env.instigator"
Override ignored for property "env.JENKINS_HOME"
Override ignored for property "env.CBI_oneTime"
Override ignored for property "env.JOB_DISPLAY_URL"
Override ignored for property "env.svnWorkspace"
Override ignored for property "env.RE_BUILD_NEXUS"
Override ignored for property "env.svnRev"
Override ignored for property "env.PL_WORKSPACE"
Override ignored for property "env.CBI_svnRepoURL"
Override ignored for property "env.CBI_BUILD_ID"
Override ignored for property "env.mergeReport"
Override ignored for property "env.CBI_CBI_BUILD_ID"
Override ignored for property "env.CBI_BIN_CBI_DEBUG"
Override ignored for property "env.JENKINS_SERVER_COOKIE"
Override ignored for property "env.CBI_LIB_CBI_DEBUG"
Override ignored for property "env.CBI_labeling_maxTime"
Override ignored for property "env.CBI_srcDir"
Override ignored for property "env.BIN_CBI_DEBUG"
Override ignored for property "env.svnWorkspaceRoot"
Override ignored for property "env.Series"
Override ignored for property "env.svnWebURL"
Override ignored for property "env.CBI_buildNumber"
Override ignored for property "env.H_USER"
Override ignored for property "env.RUN_ARTIFACTS_DISPLAY_URL"
Override ignored for property "env.PL_CONFIG_ENV_FILE"
Override ignored for property "env.COMMSBUILD_DELTA_SCRIPTS"
Override ignored for property "env.PATH"
Override ignored for property "env.comments"
Override ignored for property "env.COMMSBUILD_OSP_HOME"
Override ignored for property "env.CBI_H_UBP_USER"
Override ignored for property "env.CBI_HUDSON_SERVERNAME"
Override ignored for property "env.HUDSON_WORKSPACE"
Override ignored for property "env.BUILDNUM_SERVER"
Override ignored for property "env.COMPUTERNAME"
Override ignored for property "env.CBI_versionFixed"
Override ignored for property "env.IMAGE_BUILDER_TRIGGER_TOKEN"
Override ignored for property "env.SHLVL"
Override ignored for property "env.HUDSON_JOB_URL"
Override ignored for property "env.CBI_instigator"
Override ignored for property "env.WORKSPACE"
Override ignored for property "env.CBI_bugPromotionState"
Override ignored for property "env.INTG_SITES_HOME"
Override ignored for property "env.BUILD_ID"
Override ignored for property "env.RE_VAR"
Override ignored for property "env.CBI_diffAgainstLastLabel"
Override ignored for property "env.JOB_NAME"
Override ignored for property "env.CBI_platformLogToDisplayToHudsonConsole"
Override ignored for property "env.DO_NOT_EXECUTE_GET_SCHEDULEID"
Override ignored for property "env.viewName"
Override ignored for property "env.CBI_runControlFile"
Override ignored for property "env.BUILD_DIR"
Override ignored for property "env.VIEW_NAME_MAPPING_DEBUG"
Override ignored for property "env.HUDSON_HOME"
Override ignored for property "env._AST_FEATURES"
Override ignored for property "env.INTG_LABEL_DATE"
Override ignored for property "env.RE_TMP"
Override ignored for property "env.INTG_ROOT"
Override ignored for property "env.svnSeries"
Override ignored for property "env.LANG"
Override ignored for property "env.RUN_TESTS_DISPLAY_URL"
Override ignored for property "env.CBI_HUDSON_WORKSPACE"
Override ignored for property "env.CBI_buildScriptReturnsResult"
Override ignored for property "env.RE_SSH"
Override ignored for property "env.CBI_RE_ROOT"
Override ignored for property "env.CBI_H_USER"
Override ignored for property "env.SSH_CLIENT"
Override ignored for property "env.NEW_FILER"
Override ignored for property "env.RE_SBIN"
Override ignored for property "env.RUN_DISPLAY_URL"
Override ignored for property "env.DISPLAY"
Override ignored for property "env.CBI_VIEW_NAME_MAPPING_DEBUG"
Override ignored for property "env.CBI_U_UTILS_DEBUG"
Override ignored for property "env._ME"
Override ignored for property "env.CBI_HUDSON_URL"
Override ignored for property "env.CBI_DBHASH_DEBUG"
Override ignored for property "env.SSH_CONNECTION"
Override ignored for property "env.bugPromotionState"
Override ignored for property "env.CBI_PRODMAP_ROOT"
Override ignored for property "env.COMMSACE_PRODUCT_PROPERTIES"
Override ignored for property "env.masterBuildMachine"
Override ignored for property "env.HUDSON_COOKIE"
Override ignored for property "env.CBI_svnWebURL"
Override ignored for property "env.CBI_HUDSON_BUILD_URL"
Override ignored for property "env.useBuildNumber"
Override ignored for property "env.COMMSBUILD_J2EE_DIST"
Override ignored for property "env.U_UTILS_2_EXECUTED_ONCE"
Override ignored for property "env.ANT_HOME"
Override ignored for property "env.COMMSBUILD_JAVA_ROOT"
Override ignored for property "env.JENKINS_URL"
Override ignored for property "env.BIID"
Override ignored for property "env.DATE"
Override ignored for property "env.HUDSON_BUILD_ID"
Override ignored for property "env.release"
Override ignored for property "env.host"
Override ignored for property "env.MAIL"
Override ignored for property "env.HUDSON_JOB_NAME"
Override ignored for property "env.NODE_NAME"
Override ignored for property "env.svnRepoURL"
Override ignored for property "env.CBI_tmpDir"
Override ignored for property "env.SHELL"
Override ignored for property "env.IsetBuildingFlagBusy"
Override ignored for property "env.TNS_ADMIN"
Override ignored for property "env.ADE_TOOL"
Override ignored for property "env.RE_DEV_WIN_LREPOS"
Override ignored for property "env.CBI_HUDSON_JOB_NAME"
Override ignored for property "env.CBI_HUDSON_BUILD_ID"
Override ignored for property "env.wsRoot"
Override ignored for property "env.PERL_HOME"
Override ignored for property "env.CBI_buildType"
Override ignored for property "env.INTG_BUILD_NUMBER"
Override ignored for property "env.MIME_SMTP_DEBUG"
Override ignored for property "env.H_USE_BUILD_NEXUS"
Override ignored for property "env.PRODMAP_ROOT"
Override ignored for property "env.U_UTILS_DEBUG"
Override ignored for property "env.PRODUCT_PRODMAP_DIR"
Override ignored for property "env.RE_ETC"
Override ignored for property "env.buildWorkDir"
Override ignored for property "env.USER"
Override ignored for property "env.PRODUCT_TYPE"
Override ignored for property "env.CBI_SCANLOG_ROOT"
Override ignored for property "env.CBI_MIME_SMTP_DEBUG"
Override ignored for property "env.PATCH"
Override ignored for property "env.RE_LBIN"
Override ignored for property "env.CBI_scanLogDir"
Override ignored for property "env.BUILD_TAG"
Override ignored for property "env.RE_LIB"
Override ignored for property "env.CBI_HUDSON_BUILD_NUMBER"
Override ignored for property "env.CBI_H_USE_BUILD_NEXUS"
Override ignored for property "env.GRADLE_CACHE"
Override ignored for property "env.requestor"
Override ignored for property "env.repo"
Override ignored for property "env.HUDSON_URL"
Override ignored for property "env.COMMSBUILD_INSTALL_SCRIPTS"
Override ignored for property "env.JVM_ARGS"
Override ignored for property "env.CBI_adeProduct"
Override ignored for property "env.CBI_prodmapDir"
Override ignored for property "env.ARCHIVE_PATH"
Override ignored for property "env.ADE_DEFAULT_VIEW_STORAGE_LOC"
Override ignored for property "env.CBI_timestamp"
Override ignored for property "env.HUDSON_BUILD_NUMBER"
Override ignored for property "env.CBI_RELEASE"
Override ignored for property "env.JAVA_HOME"
Override ignored for property "env.CBI_INTG_BUILD_NUMBER"
Override ignored for property "env.GITLAB_ACCESS_TOKEN"
Override ignored for property "env.bcmd"
Override ignored for property "env.ADE_SITE"
Override ignored for property "env.COMMSBUILD_PATCHSET_NUMBER"
Override ignored for property "env.CBI_lastModTime"
Override ignored for property "env.VERSION"
Override ignored for property "env.CBI_RE_LIB"
Override ignored for property "env.HUDSON_BUILD_URL"
Override ignored for property "env.CBI_HUDSON_NODE_NAME"
Override ignored for property "env.CBI_useBuildNumber"
Override ignored for property "env.CBI_build_maxTime"
Override ignored for property "env.JDEV_USER_DIR"
Override ignored for property "env.PL_COMPILE_LOG"
Override ignored for property "env.ADE_CONFIG_DIR"
Override ignored for property "env.RE_DEV_NEXUS"
Override ignored for property "env.BUILD_URL"
Override ignored for property "env.LOGNAME"
Override ignored for property "env.build_maxTime"
Override ignored for property "env.H_GENERATE_SONAR_REPORT"
Override ignored for property "env.RE_EMAIL_ADR"
Override ignored for property "env.CBI_comments"
Override ignored for property "env.CBI_svnSeries"
Override ignored for property "env.RE_REPLY_ADR"
Override ignored for property "env.JOB_URL"
Override ignored for property "env.ADE_INCLUDE_LABEL_SERVERS"
Override ignored for property "env.RE_BUILD_LREPOS"
Override ignored for property "env.CBI_labeling_HUNGthreshhold"
Override ignored for property "env.variant"
Override ignored for property "env.NODE_LABELS"
Override ignored for property "env.UTILS"
Override ignored for property "env.XDG_RUNTIME_DIR"
Override ignored for property "env.platform"
Override ignored for property "env.INTG_NEW_ADE_PUSH"
Override ignored for property "env.RUN_CHANGES_DISPLAY_URL"
Override ignored for property "env.CNTK_TRIGGER_TOKEN"
Override ignored for property "env.DEV_STACK"
Override ignored for property "env.ui_pipeline_id"
Override ignored for property "env.ORACLE_HOME"
Override ignored for property "env.CBI_INTG_LABEL_DATE"
Override ignored for property "env.CBI_HUDSON_JOB_URL"
Override ignored for property "env.TOPOLOGYUI_TRIGGER_TOKEN"
Override ignored for property "env.adeProduct"
Override ignored for property "env.PL_SVN_CHECKOUT_ARGS"
Override ignored for property "env.CBI_sortOrder"
Override ignored for property "env.BUILD_NUMBER"
Override ignored for property "env.HUDSON_SERVER_COOKIE"
Override ignored for property "env.MAIL_BODY"
Override ignored for property "env.H_UBP_BUILDID"
Override ignored for property "env.PWD"
Override ignored for property "env.sortOrder"
Override ignored for property "env.MAIL_SUBJECT"
Override ignored for property "env.CBI_processVersion"
Override ignored for property "env.HOME"
Override ignored for property "env.RE_BIN"
Override ignored for property "env.processVersion"
Override ignored for property "env.CBI_RE_TMP"
Override ignored for property "env.CBI_labeling_maxLogSize"
Override ignored for property "env.CBI_build_HUNGthreshhold"
Override ignored for property "env.CBI_H_UBP_BUILDID"
Override ignored for property "env.CBI_DIST_ROOT"
Override ignored for property "env.CI"
Override ignored for property "env.CBI_PROCESS_BUILD_CONFIG_DEBUG"
Override ignored for property "env.CBI_distDir"
Override ignored for property "env.LD_LIBRARY_PATH"
Override ignored for property "env.CBI_RE_BIN"
Override ignored for property "env.DBHASH_DEBUG"
Override ignored for property "env.CBI_dbFile"
Override ignored for property "env.CBI_snapshot"
Override ignored for property "env.CBI_buildLogDir"
Override ignored for property "env.CBI_variant"
Override ignored for property "env.CBI_requestor"
Override ignored for property "env.LD_LIBRARY_PATH_64"
Override ignored for property "env.COMMSBUILD_STAGE_DIR"
Override ignored for property "env.product"
Override ignored for property "env.cgbuNexusServer"
Override ignored for property "env.CBI_WEB_ROOT"
Override ignored for property "env.TZ"
Override ignored for property "env.SOURCE_CONTROL_SYS"
Override ignored for property "env.CBI_PRODUCT"
Override ignored for property "env.CBI_H_GENERATE_SONAR_REPORT"
Override ignored for property "env.CBI_platforms"
Override ignored for property "env.versionFixed"
Override ignored for property "env.RE_ROOT"
Override ignored for property "env.cgbuLocalRepos"
Override ignored for property "env.PROCESS_BUILD_CONFIG_DEBUG"
Override ignored for property "env.BUILBNUM_MANAGE_CMD"
Override ignored for property "env.XDG_SESSION_ID"
Override ignored for property "env.CBI_svnRev"
Override ignored for property "env.CBI_mergeReport"
Override ignored for property "env.CBI_masterBuildMachine"
Override ignored for property "env.RE_BUILD_WIN_LREPOS"
Override ignored for property "env.BUILD_DISPLAY_NAME"
Override ignored for property "env.A__z"
Override ignored for property "env.snapshot"
Override ignored for property "env.build_HUNGthreshhold"
Override ignored for property "env.COMMSBUILD_PKG_VERSION"
Override ignored for property "env.CBI_build_maxLogSize"
Override ignored for property "env.PYTHON"
Override ignored for property "env.CBI___logNamePrefix"
Override ignored for property "env.PRODMAP_DIR"
Override ignored for property "env.RE_DEV_LREPOS"
Override ignored for property "env.ADE_HOME_DIR"
Override ignored for property "env.LIB_CBI_DEBUG"
Override ignored for property "env.ADE_DEFAULT_TRANS_STORAGE_LOC"
Override ignored for property "env.WORKSPACE_TMP"
Override ignored for property "env.HUDSON_NODE_NAME"
Override ignored for property "env.ANT_OPTS"
Override ignored for property "env.CBI_useHudsonBuildNumber"
Override ignored for property "env.FOLDER"
Override ignored for property "env.useHudsonBuildNumber"
Override ignored for property "env.JOB_BASE_NAME"
Overriding previous definition of reference to ant.projectHelper
 [property] Loading Environment env.
Override ignored for property "env.H_UBP_USER"
Override ignored for property "env.diffAgainstLastLabel"
Override ignored for property "env.COMMSBUILD_OUI_HOME"
Override ignored for property "env.EXECUTOR_NUMBER"
Override ignored for property "env.ADE_AUTO_MAP"
Override ignored for property "env.INTG_AUTO_PUSH_TO_SITES_P"
Override ignored for property "env.platforms"
Override ignored for property "env.CBI_svnTLD"
Override ignored for property "env.platformLogToDisplayToHudsonConsole"
Override ignored for property "env.instigator"
Override ignored for property "env.JENKINS_HOME"
Override ignored for property "env.CBI_oneTime"
Override ignored for property "env.JOB_DISPLAY_URL"
Override ignored for property "env.svnWorkspace"
Override ignored for property "env.RE_BUILD_NEXUS"
Override ignored for property "env.svnRev"
Override ignored for property "env.PL_WORKSPACE"
Override ignored for property "env.CBI_svnRepoURL"
Override ignored for property "env.CBI_BUILD_ID"
Override ignored for property "env.mergeReport"
Override ignored for property "env.CBI_CBI_BUILD_ID"
Override ignored for property "env.CBI_BIN_CBI_DEBUG"
Override ignored for property "env.JENKINS_SERVER_COOKIE"
Override ignored for property "env.CBI_LIB_CBI_DEBUG"
Override ignored for property "env.CBI_labeling_maxTime"
Override ignored for property "env.CBI_srcDir"
Override ignored for property "env.BIN_CBI_DEBUG"
Override ignored for property "env.svnWorkspaceRoot"
Override ignored for property "env.Series"
Override ignored for property "env.svnWebURL"
Override ignored for property "env.CBI_buildNumber"
Override ignored for property "env.H_USER"
Override ignored for property "env.RUN_ARTIFACTS_DISPLAY_URL"
Override ignored for property "env.PL_CONFIG_ENV_FILE"
Override ignored for property "env.COMMSBUILD_DELTA_SCRIPTS"
Override ignored for property "env.PATH"
Override ignored for property "env.comments"
Override ignored for property "env.COMMSBUILD_OSP_HOME"
Override ignored for property "env.CBI_H_UBP_USER"
Override ignored for property "env.CBI_HUDSON_SERVERNAME"
Override ignored for property "env.HUDSON_WORKSPACE"
Override ignored for property "env.BUILDNUM_SERVER"
Override ignored for property "env.COMPUTERNAME"
Override ignored for property "env.CBI_versionFixed"
Override ignored for property "env.IMAGE_BUILDER_TRIGGER_TOKEN"
Override ignored for property "env.SHLVL"
Override ignored for property "env.HUDSON_JOB_URL"
Override ignored for property "env.CBI_instigator"
Override ignored for property "env.WORKSPACE"
Override ignored for property "env.CBI_bugPromotionState"
Override ignored for property "env.INTG_SITES_HOME"
Override ignored for property "env.BUILD_ID"
Override ignored for property "env.RE_VAR"
Override ignored for property "env.CBI_diffAgainstLastLabel"
Override ignored for property "env.JOB_NAME"
Override ignored for property "env.CBI_platformLogToDisplayToHudsonConsole"
Override ignored for property "env.DO_NOT_EXECUTE_GET_SCHEDULEID"
Override ignored for property "env.viewName"
Override ignored for property "env.CBI_runControlFile"
Override ignored for property "env.BUILD_DIR"
Override ignored for property "env.VIEW_NAME_MAPPING_DEBUG"
Override ignored for property "env.HUDSON_HOME"
Override ignored for property "env._AST_FEATURES"
Override ignored for property "env.INTG_LABEL_DATE"
Override ignored for property "env.RE_TMP"
Override ignored for property "env.INTG_ROOT"
Override ignored for property "env.svnSeries"
Override ignored for property "env.LANG"
Override ignored for property "env.RUN_TESTS_DISPLAY_URL"
Override ignored for property "env.CBI_HUDSON_WORKSPACE"
Override ignored for property "env.CBI_buildScriptReturnsResult"
Override ignored for property "env.RE_SSH"
Override ignored for property "env.CBI_RE_ROOT"
Override ignored for property "env.CBI_H_USER"
Override ignored for property "env.SSH_CLIENT"
Override ignored for property "env.NEW_FILER"
Override ignored for property "env.RE_SBIN"
Override ignored for property "env.RUN_DISPLAY_URL"
Override ignored for property "env.DISPLAY"
Override ignored for property "env.CBI_VIEW_NAME_MAPPING_DEBUG"
Override ignored for property "env.CBI_U_UTILS_DEBUG"
Override ignored for property "env._ME"
Override ignored for property "env.CBI_HUDSON_URL"
Override ignored for property "env.CBI_DBHASH_DEBUG"
Override ignored for property "env.SSH_CONNECTION"
Override ignored for property "env.bugPromotionState"
Override ignored for property "env.CBI_PRODMAP_ROOT"
Override ignored for property "env.COMMSACE_PRODUCT_PROPERTIES"
Override ignored for property "env.masterBuildMachine"
Override ignored for property "env.HUDSON_COOKIE"
Override ignored for property "env.CBI_svnWebURL"
Override ignored for property "env.CBI_HUDSON_BUILD_URL"
Override ignored for property "env.useBuildNumber"
Override ignored for property "env.COMMSBUILD_J2EE_DIST"
Override ignored for property "env.U_UTILS_2_EXECUTED_ONCE"
Override ignored for property "env.ANT_HOME"
Override ignored for property "env.COMMSBUILD_JAVA_ROOT"
Override ignored for property "env.JENKINS_URL"
Override ignored for property "env.BIID"
Override ignored for property "env.DATE"
Override ignored for property "env.HUDSON_BUILD_ID"
Override ignored for property "env.release"
Override ignored for property "env.host"
Override ignored for property "env.MAIL"
Override ignored for property "env.HUDSON_JOB_NAME"
Override ignored for property "env.NODE_NAME"
Override ignored for property "env.svnRepoURL"
Override ignored for property "env.CBI_tmpDir"
Override ignored for property "env.SHELL"
Override ignored for property "env.IsetBuildingFlagBusy"
Override ignored for property "env.TNS_ADMIN"
Override ignored for property "env.ADE_TOOL"
Override ignored for property "env.RE_DEV_WIN_LREPOS"
Override ignored for property "env.CBI_HUDSON_JOB_NAME"
Override ignored for property "env.CBI_HUDSON_BUILD_ID"
Override ignored for property "env.wsRoot"
Override ignored for property "env.PERL_HOME"
Override ignored for property "env.CBI_buildType"
Override ignored for property "env.INTG_BUILD_NUMBER"
Override ignored for property "env.MIME_SMTP_DEBUG"
Override ignored for property "env.H_USE_BUILD_NEXUS"
Override ignored for property "env.PRODMAP_ROOT"
Override ignored for property "env.U_UTILS_DEBUG"
Override ignored for property "env.PRODUCT_PRODMAP_DIR"
Override ignored for property "env.RE_ETC"
Override ignored for property "env.buildWorkDir"
Override ignored for property "env.USER"
Override ignored for property "env.PRODUCT_TYPE"
Override ignored for property "env.CBI_SCANLOG_ROOT"
Override ignored for property "env.CBI_MIME_SMTP_DEBUG"
Override ignored for property "env.PATCH"
Override ignored for property "env.RE_LBIN"
Override ignored for property "env.CBI_scanLogDir"
Override ignored for property "env.BUILD_TAG"
Override ignored for property "env.RE_LIB"
Override ignored for property "env.CBI_HUDSON_BUILD_NUMBER"
Override ignored for property "env.CBI_H_USE_BUILD_NEXUS"
Override ignored for property "env.GRADLE_CACHE"
Override ignored for property "env.requestor"
Override ignored for property "env.repo"
Override ignored for property "env.HUDSON_URL"
Override ignored for property "env.COMMSBUILD_INSTALL_SCRIPTS"
Override ignored for property "env.JVM_ARGS"
Override ignored for property "env.CBI_adeProduct"
Override ignored for property "env.CBI_prodmapDir"
Override ignored for property "env.ARCHIVE_PATH"
Override ignored for property "env.ADE_DEFAULT_VIEW_STORAGE_LOC"
Override ignored for property "env.CBI_timestamp"
Override ignored for property "env.HUDSON_BUILD_NUMBER"
Override ignored for property "env.CBI_RELEASE"
Override ignored for property "env.JAVA_HOME"
Override ignored for property "env.CBI_INTG_BUILD_NUMBER"
Override ignored for property "env.GITLAB_ACCESS_TOKEN"
Override ignored for property "env.bcmd"
Override ignored for property "env.ADE_SITE"
Override ignored for property "env.COMMSBUILD_PATCHSET_NUMBER"
Override ignored for property "env.CBI_lastModTime"
Override ignored for property "env.VERSION"
Override ignored for property "env.CBI_RE_LIB"
Override ignored for property "env.HUDSON_BUILD_URL"
Override ignored for property "env.CBI_HUDSON_NODE_NAME"
Override ignored for property "env.CBI_useBuildNumber"
Override ignored for property "env.CBI_build_maxTime"
Override ignored for property "env.JDEV_USER_DIR"
Override ignored for property "env.PL_COMPILE_LOG"
Override ignored for property "env.ADE_CONFIG_DIR"
Override ignored for property "env.RE_DEV_NEXUS"
Override ignored for property "env.BUILD_URL"
Override ignored for property "env.LOGNAME"
Override ignored for property "env.build_maxTime"
Override ignored for property "env.H_GENERATE_SONAR_REPORT"
Override ignored for property "env.RE_EMAIL_ADR"
Override ignored for property "env.CBI_comments"
Override ignored for property "env.CBI_svnSeries"
Override ignored for property "env.RE_REPLY_ADR"
Override ignored for property "env.JOB_URL"
Override ignored for property "env.ADE_INCLUDE_LABEL_SERVERS"
Override ignored for property "env.RE_BUILD_LREPOS"
Override ignored for property "env.CBI_labeling_HUNGthreshhold"
Override ignored for property "env.variant"
Override ignored for property "env.NODE_LABELS"
Override ignored for property "env.UTILS"
Override ignored for property "env.XDG_RUNTIME_DIR"
Override ignored for property "env.platform"
Override ignored for property "env.INTG_NEW_ADE_PUSH"
Override ignored for property "env.RUN_CHANGES_DISPLAY_URL"
Override ignored for property "env.CNTK_TRIGGER_TOKEN"
Override ignored for property "env.DEV_STACK"
Override ignored for property "env.ui_pipeline_id"
Override ignored for property "env.ORACLE_HOME"
Override ignored for property "env.CBI_INTG_LABEL_DATE"
Override ignored for property "env.CBI_HUDSON_JOB_URL"
Override ignored for property "env.TOPOLOGYUI_TRIGGER_TOKEN"
Override ignored for property "env.adeProduct"
Override ignored for property "env.PL_SVN_CHECKOUT_ARGS"
Override ignored for property "env.CBI_sortOrder"
Override ignored for property "env.BUILD_NUMBER"
Override ignored for property "env.HUDSON_SERVER_COOKIE"
Override ignored for property "env.MAIL_BODY"
Override ignored for property "env.H_UBP_BUILDID"
Override ignored for property "env.PWD"
Override ignored for property "env.sortOrder"
Override ignored for property "env.MAIL_SUBJECT"
Override ignored for property "env.CBI_processVersion"
Override ignored for property "env.HOME"
Override ignored for property "env.RE_BIN"
Override ignored for property "env.processVersion"
Override ignored for property "env.CBI_RE_TMP"
Override ignored for property "env.CBI_labeling_maxLogSize"
Override ignored for property "env.CBI_build_HUNGthreshhold"
Override ignored for property "env.CBI_H_UBP_BUILDID"
Override ignored for property "env.CBI_DIST_ROOT"
Override ignored for property "env.CI"
Override ignored for property "env.CBI_PROCESS_BUILD_CONFIG_DEBUG"
Override ignored for property "env.CBI_distDir"
Override ignored for property "env.LD_LIBRARY_PATH"
Override ignored for property "env.CBI_RE_BIN"
Override ignored for property "env.DBHASH_DEBUG"
Override ignored for property "env.CBI_dbFile"
Override ignored for property "env.CBI_snapshot"
Override ignored for property "env.CBI_buildLogDir"
Override ignored for property "env.CBI_variant"
Override ignored for property "env.CBI_requestor"
Override ignored for property "env.LD_LIBRARY_PATH_64"
Override ignored for property "env.COMMSBUILD_STAGE_DIR"
Override ignored for property "env.product"
Override ignored for property "env.cgbuNexusServer"
Override ignored for property "env.CBI_WEB_ROOT"
Override ignored for property "env.TZ"
Override ignored for property "env.SOURCE_CONTROL_SYS"
Override ignored for property "env.CBI_PRODUCT"
Override ignored for property "env.CBI_H_GENERATE_SONAR_REPORT"
Override ignored for property "env.CBI_platforms"
Override ignored for property "env.versionFixed"
Override ignored for property "env.RE_ROOT"
Override ignored for property "env.cgbuLocalRepos"
Override ignored for property "env.PROCESS_BUILD_CONFIG_DEBUG"
Override ignored for property "env.BUILBNUM_MANAGE_CMD"
Override ignored for property "env.XDG_SESSION_ID"
Override ignored for property "env.CBI_svnRev"
Override ignored for property "env.CBI_mergeReport"
Override ignored for property "env.CBI_masterBuildMachine"
Override ignored for property "env.RE_BUILD_WIN_LREPOS"
Override ignored for property "env.BUILD_DISPLAY_NAME"
Override ignored for property "env.A__z"
Override ignored for property "env.snapshot"
Override ignored for property "env.build_HUNGthreshhold"
Override ignored for property "env.COMMSBUILD_PKG_VERSION"
Override ignored for property "env.CBI_build_maxLogSize"
Override ignored for property "env.PYTHON"
Override ignored for property "env.CBI___logNamePrefix"
Override ignored for property "env.PRODMAP_DIR"
Override ignored for property "env.RE_DEV_LREPOS"
Override ignored for property "env.ADE_HOME_DIR"
Override ignored for property "env.LIB_CBI_DEBUG"
Override ignored for property "env.ADE_DEFAULT_TRANS_STORAGE_LOC"
Override ignored for property "env.WORKSPACE_TMP"
Override ignored for property "env.HUDSON_NODE_NAME"
Override ignored for property "env.ANT_OPTS"
Override ignored for property "env.CBI_useHudsonBuildNumber"
Override ignored for property "env.FOLDER"
Override ignored for property "env.useHudsonBuildNumber"
Override ignored for property "env.JOB_BASE_NAME"
 [property] Loading /scratch/jenkins/workspace/CGBUUIM_7.8.0_GENERIC/src/cagbulb003.properties
Override ignored for property "COMMSAPPS_OCIM_LABEL"
Override ignored for property "WL_PORTS"
Override ignored for property "CART_STAGE_DIR"
Override ignored for property "cartridgeDeployDirList"
Override ignored for property "COMMS_HOME"
Override ignored for property "UIM_DB_HOSTNAME"
Override ignored for property "APP_NAME"
Override ignored for property "UIM_HOME"
Override ignored for property "UIM_DB_SCHEMA_USERNAME"
Override ignored for property "OCIM_STAGE_DIR"
Override ignored for property "WL_SERVER_NAME"
Override ignored for property "COMMSAPPS_OCIM_SERIES"
Override ignored for property "cartridgeVersion"
Override ignored for property "WL_HOST"
Override ignored for property "JDK_HOME"
Override ignored for property "UIM_RE_BUILD_LOCATION"
Override ignored for property "ARTIFACTHUB_GENERIC"
Override ignored for property "MODULE_NAME"
Override ignored for property "CMWS_PASSWORD"
Override ignored for property "UIMDIFF_BASEDIR_LIB_OLD"
Override ignored for property "UIMDIFF_BASEDIR_OLD_ID"
Override ignored for property "WL_USER"
Override ignored for property "PROJECT_ROOT_DIR"
Override ignored for property "COMMSPLAT_DIST"
Override ignored for property "BASE_CART_DIR"
Override ignored for property "APP_LIB"
Override ignored for property "EAR_BUILD_DIR"
Override ignored for property "QUEUE_NAME"
Override ignored for property "UIM_DB_PORT"
Override ignored for property "DOMAIN_HOME"
Override ignored for property "OPSMGMT_STAGE_DIR"
Override ignored for property "UIM_LIB"
Override ignored for property "UIM_RELEASE"
Override ignored for property "DATABASE"
Override ignored for property "REMOTE_JLMDEPLOY"
Override ignored for property "UIM_DEPLOYED_APP_NAME"
Override ignored for property "UIMDIFF_BASEDIR_SRC_OLD"
Override ignored for property "UIM_INSTALL_DIR"
Override ignored for property "cartridgeType"
Override ignored for property "WLS_HOME"
Override ignored for property "UIM_PASSWORD"
Override ignored for property "MDS_SCHEMA_USERNAME_PREFIX"
Override ignored for property "WL_HOME"
Override ignored for property "SCE_OTHER_LIB"
Override ignored for property "COMMSPLATFORM_CORE_LABEL"
Override ignored for property "COMMS_HOME_NAME"
Override ignored for property "sslKeyStore"
Override ignored for property "MW_HOME"
Override ignored for property "JAVA_HOME"
Override ignored for property "SVN_WORKSPACE"
Override ignored for property "adminServerKeyStore"
Override ignored for property "PRJ_STAGE_DIR"
Override ignored for property "MDS_EXPORT_METADATA_LOC"
Override ignored for property "ANT_HOME"
Override ignored for property "DB_DRIVER"
Override ignored for property "cartridgeExistList"
Override ignored for property "SCE_UIM_LIB"
Override ignored for property "CMWS_USERNAME"
Override ignored for property "UIM_BUILD"
Override ignored for property "ORACLE_HOME"
Override ignored for property "WL_PASSWORD"
Override ignored for property "POMS_ROOT"
Override ignored for property "UIM_DB_SERVICE_NAME"
Override ignored for property "UIM_BASE_CARTRIDGE_DIR"
Override ignored for property "UIM_USERNAME"
Override ignored for property "debug"
Override ignored for property "COMPILE_JLMDEPLOY"
Override ignored for property "WL_PORT"
Override ignored for property "FMW_HOME"
Override ignored for property "CLASSPATH"
Override ignored for property "DOMAIN_NAME"
Override ignored for property "JDEV_HOME"
Override ignored for property "OPSMGMT_INST_DIST"
Override ignored for property "cartridgeUndeployList"
Override ignored for property "extlibVersion"
Override ignored for property "OVERWRITE_DB_WHEN_INSTALLING_UIM"
Override ignored for property "MDS_SCHEMA_PASSWORD"
Override ignored for property "SCE"
Override ignored for property "UIM_DB_SCHEMA_PASSWORD"
Override ignored for property "COMMSPLATFORM_CORE_SERIES"
Override ignored for property "PRODUCTION_MODE"
Override ignored for property "MDS_IMPORT_METADATA_LOC"
Override ignored for property "WSDL_NAME"
Override ignored for property "OCIM_DIST"
Override ignored for property "DELIVERABLE_DIR"
 [macrodef] creating macro  compileCartridge
 [macrodef] creating macro  stageProject
 [macrodef] creating macro  importProject
 [macrodef] creating macro  buildProject
Property "PROJECT_NAME" has not been set
[available] Unable to find file cartridges/${PROJECT_NAME}/prebuild.xml to set property PROJECT_HAS_PREBUILDXML
Property "PROJ_NAME" has not been set
[available] Unable to find dir /scratch/jenkins/workspace/CGBUUIM_7.8.0_GENERIC/250630.0314.B58/stageUIM742carts/${PROJ_NAME} to set property FOLDER_EXISTS
[available] Found file: cartridges/ora_uim_mds/build.xml
Build sequence for target(s) `sealAndPackageCartridge' is [sealCartridgeSpecific, sealCartridgeGeneric, sealCartridge, packageCartridgeSpecific, packageCartridgeGeneric, packageCartridge, sealAndPackageCartridge]
Complete build sequence is [sealCartridgeSpecific, sealCartridgeGeneric, sealCartridge, packageCartridgeSpecific, packageCartridgeGeneric, packageCartridge, sealAndPackageCartridge, devenv.checkOS, check.variable.for.cartridge, init, init.cart.lib, devenv.cartridge.env, build_carts, prebuild_for_all, prebuild_cartridge, build_cartridge, windowsEnv, unSealCartridge, devenv.cartridge.undeploy, devenv.cartridge.list, cartridge.env, check.path.for.domain.create, devenv.runSQLsample, ora_uim_mds.build.deliverable, check.variable.for.domain.create, devenv.domain.create, stage, devenv.cartridge.deploy, copyFolder, devenv.init, ora_uim_mds.refreshMDSnewArtifacts, devenv.cartridge.exist, domain.create, refreshMDS, ora_uim_mds.packageCartridge, devenv.check.variable.for.uim.install, cleanStagingDirectory, devenv.check.path.for.domain.create, linuxEnv, eclipsePathByOS, devenv.init.cart.lib, cleanWorkSpace, check.variable.for.uim.install, check.path.for.uim.install, uim.install, runSQLsample, extractCartBinJar, help, cartridge.exist, refreshMDSnewArtifacts, unixToWindowsPath, cartridge.list, createStagingDirectory, build.deliverable, cartridge.deploy, devenv.uim.install, cartridge.undeploy, devenv.check.variable.for.cartridge, devenv.unixToWindowsPath, checkOS, devenv.check.variable.for.domain.create, buildCartridge, devenv.check.path.for.uim.install, ora_uim_mds.sealCartridge, devenv.help, ]

sealCartridgeSpecific:
Project base dir set to: /scratch/jenkins/workspace/CGBUUIM_7.8.0_GENERIC/src/cartridges/ora_uim_mds
      [ant] calling target(s) [sealCartridge] in build file /scratch/jenkins/workspace/CGBUUIM_7.8.0_GENERIC/src/cartridges/ora_uim_mds/build.xml
parsing buildfile /scratch/jenkins/workspace/CGBUUIM_7.8.0_GENERIC/src/cartridges/ora_uim_mds/build.xml with URI = file:/scratch/jenkins/workspace/CGBUUIM_7.8.0_GENERIC/src/cartridges/ora_uim_mds/build.xml
Project base dir set to: /scratch/jenkins/workspace/CGBUUIM_7.8.0_GENERIC/src/cartridges/ora_uim_mds
 [property] Loading Environment env.
Override ignored for property "env.H_UBP_USER"
Override ignored for property "env.diffAgainstLastLabel"
Override ignored for property "env.COMMSBUILD_OUI_HOME"
Override ignored for property "env.EXECUTOR_NUMBER"
Override ignored for property "env.ADE_AUTO_MAP"
Override ignored for property "env.INTG_AUTO_PUSH_TO_SITES_P"
Override ignored for property "env.platforms"
Override ignored for property "env.CBI_svnTLD"
Override ignored for property "env.platformLogToDisplayToHudsonConsole"
Override ignored for property "env.instigator"
Override ignored for property "env.JENKINS_HOME"
Override ignored for property "env.CBI_oneTime"
Override ignored for property "env.JOB_DISPLAY_URL"
Override ignored for property "env.svnWorkspace"
Override ignored for property "env.RE_BUILD_NEXUS"
Override ignored for property "env.svnRev"
Override ignored for property "env.PL_WORKSPACE"
Override ignored for property "env.CBI_svnRepoURL"
Override ignored for property "env.CBI_BUILD_ID"
Override ignored for property "env.mergeReport"
Override ignored for property "env.CBI_CBI_BUILD_ID"
Override ignored for property "env.CBI_BIN_CBI_DEBUG"
Override ignored for property "env.JENKINS_SERVER_COOKIE"
Override ignored for property "env.CBI_LIB_CBI_DEBUG"
Override ignored for property "env.CBI_labeling_maxTime"
Override ignored for property "env.CBI_srcDir"
Override ignored for property "env.BIN_CBI_DEBUG"
Override ignored for property "env.svnWorkspaceRoot"
Override ignored for property "env.Series"
Override ignored for property "env.svnWebURL"
Override ignored for property "env.CBI_buildNumber"
Override ignored for property "env.H_USER"
Override ignored for property "env.RUN_ARTIFACTS_DISPLAY_URL"
Override ignored for property "env.PL_CONFIG_ENV_FILE"
Override ignored for property "env.COMMSBUILD_DELTA_SCRIPTS"
Override ignored for property "env.PATH"
Override ignored for property "env.comments"
Override ignored for property "env.COMMSBUILD_OSP_HOME"
Override ignored for property "env.CBI_H_UBP_USER"
Override ignored for property "env.CBI_HUDSON_SERVERNAME"
Override ignored for property "env.HUDSON_WORKSPACE"
Override ignored for property "env.BUILDNUM_SERVER"
Override ignored for property "env.COMPUTERNAME"
Override ignored for property "env.CBI_versionFixed"
Override ignored for property "env.IMAGE_BUILDER_TRIGGER_TOKEN"
Override ignored for property "env.SHLVL"
Override ignored for property "env.HUDSON_JOB_URL"
Override ignored for property "env.CBI_instigator"
Override ignored for property "env.WORKSPACE"
Override ignored for property "env.CBI_bugPromotionState"
Override ignored for property "env.INTG_SITES_HOME"
Override ignored for property "env.BUILD_ID"
Override ignored for property "env.RE_VAR"
Override ignored for property "env.CBI_diffAgainstLastLabel"
Override ignored for property "env.JOB_NAME"
Override ignored for property "env.CBI_platformLogToDisplayToHudsonConsole"
Override ignored for property "env.DO_NOT_EXECUTE_GET_SCHEDULEID"
Override ignored for property "env.viewName"
Override ignored for property "env.CBI_runControlFile"
Override ignored for property "env.BUILD_DIR"
Override ignored for property "env.VIEW_NAME_MAPPING_DEBUG"
Override ignored for property "env.HUDSON_HOME"
Override ignored for property "env._AST_FEATURES"
Override ignored for property "env.INTG_LABEL_DATE"
Override ignored for property "env.RE_TMP"
Override ignored for property "env.INTG_ROOT"
Override ignored for property "env.svnSeries"
Override ignored for property "env.LANG"
Override ignored for property "env.RUN_TESTS_DISPLAY_URL"
Override ignored for property "env.CBI_HUDSON_WORKSPACE"
Override ignored for property "env.CBI_buildScriptReturnsResult"
Override ignored for property "env.RE_SSH"
Override ignored for property "env.CBI_RE_ROOT"
Override ignored for property "env.CBI_H_USER"
Override ignored for property "env.SSH_CLIENT"
Override ignored for property "env.NEW_FILER"
Override ignored for property "env.RE_SBIN"
Override ignored for property "env.RUN_DISPLAY_URL"
Override ignored for property "env.DISPLAY"
Override ignored for property "env.CBI_VIEW_NAME_MAPPING_DEBUG"
Override ignored for property "env.CBI_U_UTILS_DEBUG"
Override ignored for property "env._ME"
Override ignored for property "env.CBI_HUDSON_URL"
Override ignored for property "env.CBI_DBHASH_DEBUG"
Override ignored for property "env.SSH_CONNECTION"
Override ignored for property "env.bugPromotionState"
Override ignored for property "env.CBI_PRODMAP_ROOT"
Override ignored for property "env.COMMSACE_PRODUCT_PROPERTIES"
Override ignored for property "env.masterBuildMachine"
Override ignored for property "env.HUDSON_COOKIE"
Override ignored for property "env.CBI_svnWebURL"
Override ignored for property "env.CBI_HUDSON_BUILD_URL"
Override ignored for property "env.useBuildNumber"
Override ignored for property "env.COMMSBUILD_J2EE_DIST"
Override ignored for property "env.U_UTILS_2_EXECUTED_ONCE"
Override ignored for property "env.ANT_HOME"
Override ignored for property "env.COMMSBUILD_JAVA_ROOT"
Override ignored for property "env.JENKINS_URL"
Override ignored for property "env.BIID"
Override ignored for property "env.DATE"
Override ignored for property "env.HUDSON_BUILD_ID"
Override ignored for property "env.release"
Override ignored for property "env.host"
Override ignored for property "env.MAIL"
Override ignored for property "env.HUDSON_JOB_NAME"
Override ignored for property "env.NODE_NAME"
Override ignored for property "env.svnRepoURL"
Override ignored for property "env.CBI_tmpDir"
Override ignored for property "env.SHELL"
Override ignored for property "env.IsetBuildingFlagBusy"
Override ignored for property "env.TNS_ADMIN"
Override ignored for property "env.ADE_TOOL"
Override ignored for property "env.RE_DEV_WIN_LREPOS"
Override ignored for property "env.CBI_HUDSON_JOB_NAME"
Override ignored for property "env.CBI_HUDSON_BUILD_ID"
Override ignored for property "env.wsRoot"
Override ignored for property "env.PERL_HOME"
Override ignored for property "env.CBI_buildType"
Override ignored for property "env.INTG_BUILD_NUMBER"
Override ignored for property "env.MIME_SMTP_DEBUG"
Override ignored for property "env.H_USE_BUILD_NEXUS"
Override ignored for property "env.PRODMAP_ROOT"
Override ignored for property "env.U_UTILS_DEBUG"
Override ignored for property "env.PRODUCT_PRODMAP_DIR"
Override ignored for property "env.RE_ETC"
Override ignored for property "env.buildWorkDir"
Override ignored for property "env.USER"
Override ignored for property "env.PRODUCT_TYPE"
Override ignored for property "env.CBI_SCANLOG_ROOT"
Override ignored for property "env.CBI_MIME_SMTP_DEBUG"
Override ignored for property "env.PATCH"
Override ignored for property "env.RE_LBIN"
Override ignored for property "env.CBI_scanLogDir"
Override ignored for property "env.BUILD_TAG"
Override ignored for property "env.RE_LIB"
Override ignored for property "env.CBI_HUDSON_BUILD_NUMBER"
Override ignored for property "env.CBI_H_USE_BUILD_NEXUS"
Override ignored for property "env.GRADLE_CACHE"
Override ignored for property "env.requestor"
Override ignored for property "env.repo"
Override ignored for property "env.HUDSON_URL"
Override ignored for property "env.COMMSBUILD_INSTALL_SCRIPTS"
Override ignored for property "env.JVM_ARGS"
Override ignored for property "env.CBI_adeProduct"
Override ignored for property "env.CBI_prodmapDir"
Override ignored for property "env.ARCHIVE_PATH"
Override ignored for property "env.ADE_DEFAULT_VIEW_STORAGE_LOC"
Override ignored for property "env.CBI_timestamp"
Override ignored for property "env.HUDSON_BUILD_NUMBER"
Override ignored for property "env.CBI_RELEASE"
Override ignored for property "env.JAVA_HOME"
Override ignored for property "env.CBI_INTG_BUILD_NUMBER"
Override ignored for property "env.GITLAB_ACCESS_TOKEN"
Override ignored for property "env.bcmd"
Override ignored for property "env.ADE_SITE"
Override ignored for property "env.COMMSBUILD_PATCHSET_NUMBER"
Override ignored for property "env.CBI_lastModTime"
Override ignored for property "env.VERSION"
Override ignored for property "env.CBI_RE_LIB"
Override ignored for property "env.HUDSON_BUILD_URL"
Override ignored for property "env.CBI_HUDSON_NODE_NAME"
Override ignored for property "env.CBI_useBuildNumber"
Override ignored for property "env.CBI_build_maxTime"
Override ignored for property "env.JDEV_USER_DIR"
Override ignored for property "env.PL_COMPILE_LOG"
Override ignored for property "env.ADE_CONFIG_DIR"
Override ignored for property "env.RE_DEV_NEXUS"
Override ignored for property "env.BUILD_URL"
Override ignored for property "env.LOGNAME"
Override ignored for property "env.build_maxTime"
Override ignored for property "env.H_GENERATE_SONAR_REPORT"
Override ignored for property "env.RE_EMAIL_ADR"
Override ignored for property "env.CBI_comments"
Override ignored for property "env.CBI_svnSeries"
Override ignored for property "env.RE_REPLY_ADR"
Override ignored for property "env.JOB_URL"
Override ignored for property "env.ADE_INCLUDE_LABEL_SERVERS"
Override ignored for property "env.RE_BUILD_LREPOS"
Override ignored for property "env.CBI_labeling_HUNGthreshhold"
Override ignored for property "env.variant"
Override ignored for property "env.NODE_LABELS"
Override ignored for property "env.UTILS"
Override ignored for property "env.XDG_RUNTIME_DIR"
Override ignored for property "env.platform"
Override ignored for property "env.INTG_NEW_ADE_PUSH"
Override ignored for property "env.RUN_CHANGES_DISPLAY_URL"
Override ignored for property "env.CNTK_TRIGGER_TOKEN"
Override ignored for property "env.DEV_STACK"
Override ignored for property "env.ui_pipeline_id"
Override ignored for property "env.ORACLE_HOME"
Override ignored for property "env.CBI_INTG_LABEL_DATE"
Override ignored for property "env.CBI_HUDSON_JOB_URL"
Override ignored for property "env.TOPOLOGYUI_TRIGGER_TOKEN"
Override ignored for property "env.adeProduct"
Override ignored for property "env.PL_SVN_CHECKOUT_ARGS"
Override ignored for property "env.CBI_sortOrder"
Override ignored for property "env.BUILD_NUMBER"
Override ignored for property "env.HUDSON_SERVER_COOKIE"
Override ignored for property "env.MAIL_BODY"
Override ignored for property "env.H_UBP_BUILDID"
Override ignored for property "env.PWD"
Override ignored for property "env.sortOrder"
Override ignored for property "env.MAIL_SUBJECT"
Override ignored for property "env.CBI_processVersion"
Override ignored for property "env.HOME"
Override ignored for property "env.RE_BIN"
Override ignored for property "env.processVersion"
Override ignored for property "env.CBI_RE_TMP"
Override ignored for property "env.CBI_labeling_maxLogSize"
Override ignored for property "env.CBI_build_HUNGthreshhold"
Override ignored for property "env.CBI_H_UBP_BUILDID"
Override ignored for property "env.CBI_DIST_ROOT"
Override ignored for property "env.CI"
Override ignored for property "env.CBI_PROCESS_BUILD_CONFIG_DEBUG"
Override ignored for property "env.CBI_distDir"
Override ignored for property "env.LD_LIBRARY_PATH"
Override ignored for property "env.CBI_RE_BIN"
Override ignored for property "env.DBHASH_DEBUG"
Override ignored for property "env.CBI_dbFile"
Override ignored for property "env.CBI_snapshot"
Override ignored for property "env.CBI_buildLogDir"
Override ignored for property "env.CBI_variant"
Override ignored for property "env.CBI_requestor"
Override ignored for property "env.LD_LIBRARY_PATH_64"
Override ignored for property "env.COMMSBUILD_STAGE_DIR"
Override ignored for property "env.product"
Override ignored for property "env.cgbuNexusServer"
Override ignored for property "env.CBI_WEB_ROOT"
Override ignored for property "env.TZ"
Override ignored for property "env.SOURCE_CONTROL_SYS"
Override ignored for property "env.CBI_PRODUCT"
Override ignored for property "env.CBI_H_GENERATE_SONAR_REPORT"
Override ignored for property "env.CBI_platforms"
Override ignored for property "env.versionFixed"
Override ignored for property "env.RE_ROOT"
Override ignored for property "env.cgbuLocalRepos"
Override ignored for property "env.PROCESS_BUILD_CONFIG_DEBUG"
Override ignored for property "env.BUILBNUM_MANAGE_CMD"
Override ignored for property "env.XDG_SESSION_ID"
Override ignored for property "env.CBI_svnRev"
Override ignored for property "env.CBI_mergeReport"
Override ignored for property "env.CBI_masterBuildMachine"
Override ignored for property "env.RE_BUILD_WIN_LREPOS"
Override ignored for property "env.BUILD_DISPLAY_NAME"
Override ignored for property "env.A__z"
Override ignored for property "env.snapshot"
Override ignored for property "env.build_HUNGthreshhold"
Override ignored for property "env.COMMSBUILD_PKG_VERSION"
Override ignored for property "env.CBI_build_maxLogSize"
Override ignored for property "env.PYTHON"
Override ignored for property "env.CBI___logNamePrefix"
Override ignored for property "env.PRODMAP_DIR"
Override ignored for property "env.RE_DEV_LREPOS"
Override ignored for property "env.ADE_HOME_DIR"
Override ignored for property "env.LIB_CBI_DEBUG"
Override ignored for property "env.ADE_DEFAULT_TRANS_STORAGE_LOC"
Override ignored for property "env.WORKSPACE_TMP"
Override ignored for property "env.HUDSON_NODE_NAME"
Override ignored for property "env.ANT_OPTS"
Override ignored for property "env.CBI_useHudsonBuildNumber"
Override ignored for property "env.FOLDER"
Override ignored for property "env.useHudsonBuildNumber"
Override ignored for property "env.JOB_BASE_NAME"
Override ignored for property "DELIVERABLE_DIR"
Override ignored for property "seal_ora_uim_mds"
Override ignored for property "pack_ora_uim_mds"
      [ant] Entering /scratch/jenkins/workspace/CGBUUIM_7.8.0_GENERIC/src/cartridges/ora_uim_mds/build.xml...
Build sequence for target(s) `sealCartridge' is [sealCartridge]
Complete build sequence is [sealCartridge, refreshMDSnewArtifacts, build.deliverable, packageCartridge, ]

sealCartridge:
     [echo] Sealing Cartridge  ora_uim_mds specific...
  [replace] Replacing in /scratch/jenkins/workspace/CGBUUIM_7.8.0_GENERIC/src/cartridges/ora_uim_mds/ora_uim_mds.inventoryCartridge: <com:sealed>false</com:sealed> --> <com:sealed>true</com:sealed>
      [ant] Exiting /scratch/jenkins/workspace/CGBUUIM_7.8.0_GENERIC/src/cartridges/ora_uim_mds/build.xml.

sealCartridgeGeneric:
Skipped because property 'seal_ora_uim_mds' set.

sealCartridge:

packageCartridgeSpecific:
     [echo] inside packageCartForSelf
Project base dir set to: /scratch/jenkins/workspace/CGBUUIM_7.8.0_GENERIC/src/cartridges/ora_uim_mds
      [ant] calling target(s) [packageCartridge] in build file /scratch/jenkins/workspace/CGBUUIM_7.8.0_GENERIC/src/cartridges/ora_uim_mds/build.xml
parsing buildfile /scratch/jenkins/workspace/CGBUUIM_7.8.0_GENERIC/src/cartridges/ora_uim_mds/build.xml with URI = file:/scratch/jenkins/workspace/CGBUUIM_7.8.0_GENERIC/src/cartridges/ora_uim_mds/build.xml
Project base dir set to: /scratch/jenkins/workspace/CGBUUIM_7.8.0_GENERIC/src/cartridges/ora_uim_mds
 [property] Loading Environment env.
Override ignored for property "env.H_UBP_USER"
Override ignored for property "env.diffAgainstLastLabel"
Override ignored for property "env.COMMSBUILD_OUI_HOME"
Override ignored for property "env.EXECUTOR_NUMBER"
Override ignored for property "env.ADE_AUTO_MAP"
Override ignored for property "env.INTG_AUTO_PUSH_TO_SITES_P"
Override ignored for property "env.platforms"
Override ignored for property "env.CBI_svnTLD"
Override ignored for property "env.platformLogToDisplayToHudsonConsole"
Override ignored for property "env.instigator"
Override ignored for property "env.JENKINS_HOME"
Override ignored for property "env.CBI_oneTime"
Override ignored for property "env.JOB_DISPLAY_URL"
Override ignored for property "env.svnWorkspace"
Override ignored for property "env.RE_BUILD_NEXUS"
Override ignored for property "env.svnRev"
Override ignored for property "env.PL_WORKSPACE"
Override ignored for property "env.CBI_svnRepoURL"
Override ignored for property "env.CBI_BUILD_ID"
Override ignored for property "env.mergeReport"
Override ignored for property "env.CBI_CBI_BUILD_ID"
Override ignored for property "env.CBI_BIN_CBI_DEBUG"
Override ignored for property "env.JENKINS_SERVER_COOKIE"
Override ignored for property "env.CBI_LIB_CBI_DEBUG"
Override ignored for property "env.CBI_labeling_maxTime"
Override ignored for property "env.CBI_srcDir"
Override ignored for property "env.BIN_CBI_DEBUG"
Override ignored for property "env.svnWorkspaceRoot"
Override ignored for property "env.Series"
Override ignored for property "env.svnWebURL"
Override ignored for property "env.CBI_buildNumber"
Override ignored for property "env.H_USER"
Override ignored for property "env.RUN_ARTIFACTS_DISPLAY_URL"
Override ignored for property "env.PL_CONFIG_ENV_FILE"
Override ignored for property "env.COMMSBUILD_DELTA_SCRIPTS"
Override ignored for property "env.PATH"
Override ignored for property "env.comments"
Override ignored for property "env.COMMSBUILD_OSP_HOME"
Override ignored for property "env.CBI_H_UBP_USER"
Override ignored for property "env.CBI_HUDSON_SERVERNAME"
Override ignored for property "env.HUDSON_WORKSPACE"
Override ignored for property "env.BUILDNUM_SERVER"
Override ignored for property "env.COMPUTERNAME"
Override ignored for property "env.CBI_versionFixed"
Override ignored for property "env.IMAGE_BUILDER_TRIGGER_TOKEN"
Override ignored for property "env.SHLVL"
Override ignored for property "env.HUDSON_JOB_URL"
Override ignored for property "env.CBI_instigator"
Override ignored for property "env.WORKSPACE"
Override ignored for property "env.CBI_bugPromotionState"
Override ignored for property "env.INTG_SITES_HOME"
Override ignored for property "env.BUILD_ID"
Override ignored for property "env.RE_VAR"
Override ignored for property "env.CBI_diffAgainstLastLabel"
Override ignored for property "env.JOB_NAME"
Override ignored for property "env.CBI_platformLogToDisplayToHudsonConsole"
Override ignored for property "env.DO_NOT_EXECUTE_GET_SCHEDULEID"
Override ignored for property "env.viewName"
Override ignored for property "env.CBI_runControlFile"
Override ignored for property "env.BUILD_DIR"
Override ignored for property "env.VIEW_NAME_MAPPING_DEBUG"
Override ignored for property "env.HUDSON_HOME"
Override ignored for property "env._AST_FEATURES"
Override ignored for property "env.INTG_LABEL_DATE"
Override ignored for property "env.RE_TMP"
Override ignored for property "env.INTG_ROOT"
Override ignored for property "env.svnSeries"
Override ignored for property "env.LANG"
Override ignored for property "env.RUN_TESTS_DISPLAY_URL"
Override ignored for property "env.CBI_HUDSON_WORKSPACE"
Override ignored for property "env.CBI_buildScriptReturnsResult"
Override ignored for property "env.RE_SSH"
Override ignored for property "env.CBI_RE_ROOT"
Override ignored for property "env.CBI_H_USER"
Override ignored for property "env.SSH_CLIENT"
Override ignored for property "env.NEW_FILER"
Override ignored for property "env.RE_SBIN"
Override ignored for property "env.RUN_DISPLAY_URL"
Override ignored for property "env.DISPLAY"
Override ignored for property "env.CBI_VIEW_NAME_MAPPING_DEBUG"
Override ignored for property "env.CBI_U_UTILS_DEBUG"
Override ignored for property "env._ME"
Override ignored for property "env.CBI_HUDSON_URL"
Override ignored for property "env.CBI_DBHASH_DEBUG"
Override ignored for property "env.SSH_CONNECTION"
Override ignored for property "env.bugPromotionState"
Override ignored for property "env.CBI_PRODMAP_ROOT"
Override ignored for property "env.COMMSACE_PRODUCT_PROPERTIES"
Override ignored for property "env.masterBuildMachine"
Override ignored for property "env.HUDSON_COOKIE"
Override ignored for property "env.CBI_svnWebURL"
Override ignored for property "env.CBI_HUDSON_BUILD_URL"
Override ignored for property "env.useBuildNumber"
Override ignored for property "env.COMMSBUILD_J2EE_DIST"
Override ignored for property "env.U_UTILS_2_EXECUTED_ONCE"
Override ignored for property "env.ANT_HOME"
Override ignored for property "env.COMMSBUILD_JAVA_ROOT"
Override ignored for property "env.JENKINS_URL"
Override ignored for property "env.BIID"
Override ignored for property "env.DATE"
Override ignored for property "env.HUDSON_BUILD_ID"
Override ignored for property "env.release"
Override ignored for property "env.host"
Override ignored for property "env.MAIL"
Override ignored for property "env.HUDSON_JOB_NAME"
Override ignored for property "env.NODE_NAME"
Override ignored for property "env.svnRepoURL"
Override ignored for property "env.CBI_tmpDir"
Override ignored for property "env.SHELL"
Override ignored for property "env.IsetBuildingFlagBusy"
Override ignored for property "env.TNS_ADMIN"
Override ignored for property "env.ADE_TOOL"
Override ignored for property "env.RE_DEV_WIN_LREPOS"
Override ignored for property "env.CBI_HUDSON_JOB_NAME"
Override ignored for property "env.CBI_HUDSON_BUILD_ID"
Override ignored for property "env.wsRoot"
Override ignored for property "env.PERL_HOME"
Override ignored for property "env.CBI_buildType"
Override ignored for property "env.INTG_BUILD_NUMBER"
Override ignored for property "env.MIME_SMTP_DEBUG"
Override ignored for property "env.H_USE_BUILD_NEXUS"
Override ignored for property "env.PRODMAP_ROOT"
Override ignored for property "env.U_UTILS_DEBUG"
Override ignored for property "env.PRODUCT_PRODMAP_DIR"
Override ignored for property "env.RE_ETC"
Override ignored for property "env.buildWorkDir"
Override ignored for property "env.USER"
Override ignored for property "env.PRODUCT_TYPE"
Override ignored for property "env.CBI_SCANLOG_ROOT"
Override ignored for property "env.CBI_MIME_SMTP_DEBUG"
Override ignored for property "env.PATCH"
Override ignored for property "env.RE_LBIN"
Override ignored for property "env.CBI_scanLogDir"
Override ignored for property "env.BUILD_TAG"
Override ignored for property "env.RE_LIB"
Override ignored for property "env.CBI_HUDSON_BUILD_NUMBER"
Override ignored for property "env.CBI_H_USE_BUILD_NEXUS"
Override ignored for property "env.GRADLE_CACHE"
Override ignored for property "env.requestor"
Override ignored for property "env.repo"
Override ignored for property "env.HUDSON_URL"
Override ignored for property "env.COMMSBUILD_INSTALL_SCRIPTS"
Override ignored for property "env.JVM_ARGS"
Override ignored for property "env.CBI_adeProduct"
Override ignored for property "env.CBI_prodmapDir"
Override ignored for property "env.ARCHIVE_PATH"
Override ignored for property "env.ADE_DEFAULT_VIEW_STORAGE_LOC"
Override ignored for property "env.CBI_timestamp"
Override ignored for property "env.HUDSON_BUILD_NUMBER"
Override ignored for property "env.CBI_RELEASE"
Override ignored for property "env.JAVA_HOME"
Override ignored for property "env.CBI_INTG_BUILD_NUMBER"
Override ignored for property "env.GITLAB_ACCESS_TOKEN"
Override ignored for property "env.bcmd"
Override ignored for property "env.ADE_SITE"
Override ignored for property "env.COMMSBUILD_PATCHSET_NUMBER"
Override ignored for property "env.CBI_lastModTime"
Override ignored for property "env.VERSION"
Override ignored for property "env.CBI_RE_LIB"
Override ignored for property "env.HUDSON_BUILD_URL"
Override ignored for property "env.CBI_HUDSON_NODE_NAME"
Override ignored for property "env.CBI_useBuildNumber"
Override ignored for property "env.CBI_build_maxTime"
Override ignored for property "env.JDEV_USER_DIR"
Override ignored for property "env.PL_COMPILE_LOG"
Override ignored for property "env.ADE_CONFIG_DIR"
Override ignored for property "env.RE_DEV_NEXUS"
Override ignored for property "env.BUILD_URL"
Override ignored for property "env.LOGNAME"
Override ignored for property "env.build_maxTime"
Override ignored for property "env.H_GENERATE_SONAR_REPORT"
Override ignored for property "env.RE_EMAIL_ADR"
Override ignored for property "env.CBI_comments"
Override ignored for property "env.CBI_svnSeries"
Override ignored for property "env.RE_REPLY_ADR"
Override ignored for property "env.JOB_URL"
Override ignored for property "env.ADE_INCLUDE_LABEL_SERVERS"
Override ignored for property "env.RE_BUILD_LREPOS"
Override ignored for property "env.CBI_labeling_HUNGthreshhold"
Override ignored for property "env.variant"
Override ignored for property "env.NODE_LABELS"
Override ignored for property "env.UTILS"
Override ignored for property "env.XDG_RUNTIME_DIR"
Override ignored for property "env.platform"
Override ignored for property "env.INTG_NEW_ADE_PUSH"
Override ignored for property "env.RUN_CHANGES_DISPLAY_URL"
Override ignored for property "env.CNTK_TRIGGER_TOKEN"
Override ignored for property "env.DEV_STACK"
Override ignored for property "env.ui_pipeline_id"
Override ignored for property "env.ORACLE_HOME"
Override ignored for property "env.CBI_INTG_LABEL_DATE"
Override ignored for property "env.CBI_HUDSON_JOB_URL"
Override ignored for property "env.TOPOLOGYUI_TRIGGER_TOKEN"
Override ignored for property "env.adeProduct"
Override ignored for property "env.PL_SVN_CHECKOUT_ARGS"
Override ignored for property "env.CBI_sortOrder"
Override ignored for property "env.BUILD_NUMBER"
Override ignored for property "env.HUDSON_SERVER_COOKIE"
Override ignored for property "env.MAIL_BODY"
Override ignored for property "env.H_UBP_BUILDID"
Override ignored for property "env.PWD"
Override ignored for property "env.sortOrder"
Override ignored for property "env.MAIL_SUBJECT"
Override ignored for property "env.CBI_processVersion"
Override ignored for property "env.HOME"
Override ignored for property "env.RE_BIN"
Override ignored for property "env.processVersion"
Override ignored for property "env.CBI_RE_TMP"
Override ignored for property "env.CBI_labeling_maxLogSize"
Override ignored for property "env.CBI_build_HUNGthreshhold"
Override ignored for property "env.CBI_H_UBP_BUILDID"
Override ignored for property "env.CBI_DIST_ROOT"
Override ignored for property "env.CI"
Override ignored for property "env.CBI_PROCESS_BUILD_CONFIG_DEBUG"
Override ignored for property "env.CBI_distDir"
Override ignored for property "env.LD_LIBRARY_PATH"
Override ignored for property "env.CBI_RE_BIN"
Override ignored for property "env.DBHASH_DEBUG"
Override ignored for property "env.CBI_dbFile"
Override ignored for property "env.CBI_snapshot"
Override ignored for property "env.CBI_buildLogDir"
Override ignored for property "env.CBI_variant"
Override ignored for property "env.CBI_requestor"
Override ignored for property "env.LD_LIBRARY_PATH_64"
Override ignored for property "env.COMMSBUILD_STAGE_DIR"
Override ignored for property "env.product"
Override ignored for property "env.cgbuNexusServer"
Override ignored for property "env.CBI_WEB_ROOT"
Override ignored for property "env.TZ"
Override ignored for property "env.SOURCE_CONTROL_SYS"
Override ignored for property "env.CBI_PRODUCT"
Override ignored for property "env.CBI_H_GENERATE_SONAR_REPORT"
Override ignored for property "env.CBI_platforms"
Override ignored for property "env.versionFixed"
Override ignored for property "env.RE_ROOT"
Override ignored for property "env.cgbuLocalRepos"
Override ignored for property "env.PROCESS_BUILD_CONFIG_DEBUG"
Override ignored for property "env.BUILBNUM_MANAGE_CMD"
Override ignored for property "env.XDG_SESSION_ID"
Override ignored for property "env.CBI_svnRev"
Override ignored for property "env.CBI_mergeReport"
Override ignored for property "env.CBI_masterBuildMachine"
Override ignored for property "env.RE_BUILD_WIN_LREPOS"
Override ignored for property "env.BUILD_DISPLAY_NAME"
Override ignored for property "env.A__z"
Override ignored for property "env.snapshot"
Override ignored for property "env.build_HUNGthreshhold"
Override ignored for property "env.COMMSBUILD_PKG_VERSION"
Override ignored for property "env.CBI_build_maxLogSize"
Override ignored for property "env.PYTHON"
Override ignored for property "env.CBI___logNamePrefix"
Override ignored for property "env.PRODMAP_DIR"
Override ignored for property "env.RE_DEV_LREPOS"
Override ignored for property "env.ADE_HOME_DIR"
Override ignored for property "env.LIB_CBI_DEBUG"
Override ignored for property "env.ADE_DEFAULT_TRANS_STORAGE_LOC"
Override ignored for property "env.WORKSPACE_TMP"
Override ignored for property "env.HUDSON_NODE_NAME"
Override ignored for property "env.ANT_OPTS"
Override ignored for property "env.CBI_useHudsonBuildNumber"
Override ignored for property "env.FOLDER"
Override ignored for property "env.useHudsonBuildNumber"
Override ignored for property "env.JOB_BASE_NAME"
Override ignored for property "DELIVERABLE_DIR"
Override ignored for property "seal_ora_uim_mds"
Override ignored for property "pack_ora_uim_mds"
      [ant] Entering /scratch/jenkins/workspace/CGBUUIM_7.8.0_GENERIC/src/cartridges/ora_uim_mds/build.xml...
Build sequence for target(s) `packageCartridge' is [packageCartridge]
Complete build sequence is [packageCartridge, refreshMDSnewArtifacts, build.deliverable, sealCartridge, ]

packageCartridge:
     [echo] Packing Cartridge  ora_uim_mds specific...
    [mkdir] Created dir: /scratch/jenkins/workspace/CGBUUIM_7.8.0_GENERIC/src/cartridges/ora_uim_mds/deliverables
   [delete] Could not find file /scratch/jenkins/workspace/CGBUUIM_7.8.0_GENERIC/src/cartridges/ora_uim_mds/deliverables/ora_uim_mds_cartproj.zip to delete.
      [zip] Building zip: /scratch/jenkins/workspace/CGBUUIM_7.8.0_GENERIC/src/cartridges/ora_uim_mds/deliverables/ora_uim_mds_cartproj.zip
      [zip] adding directory dataDictionary/
      [zip] adding directory doc/
      [zip] adding directory lib/
      [zip] adding directory model/
      [zip] adding directory resources/
      [zip] adding directory src/
      [zip] adding entry .classpath
      [zip] adding entry .project
      [zip] adding entry .studio
      [zip] adding entry build.log
